
> versa-backend@1.0.0 start
> node index.js

[dotenv@17.2.3] injecting env (15) from .env -- tip: 🔐 prevent committing .env to code: https://dotenvx.com/precommit
[dotenv@17.2.3] injecting env (0) from .env -- tip: 🔐 prevent committing .env to code: https://dotenvx.com/precommit
---------------------------------------------------
   VERSA BACKEND - Modular V2 (with Contabilidad)   
---------------------------------------------------
[dotenv@17.2.3] injecting env (0) from .env -- tip: ⚙️  suppress all logs with { quiet: true }
EmailService: No SMTP credentials found (SMTP_HOST, SMTP_USER, SMTP_PASS). Emails will be logged to console only.
🚀 Servidor escuchando en http://0.0.0.0:3000
{"timestamp":"2026-01-21T14:26:55.129Z","level":"info","message":"Incoming request","requestId":"0a9998fa-ee8f-435b-b628-fea79e53d3b8","method":"HEAD","url":"/api/health"}
{"timestamp":"2026-01-21T14:26:55.168Z","level":"info","message":"Incoming request","requestId":"5afe77ec-c6ae-4971-9b67-34381a16ae48","method":"HEAD","url":"/api/citas/config/public/1"}
{"timestamp":"2026-01-21T14:26:55.183Z","level":"info","message":"Incoming request","requestId":"6e61628f-e19b-4b6b-b2e4-89f1bbedece1","method":"HEAD","url":"/api/chat/conversacion-actual"}
{"timestamp":"2026-01-21T14:26:55.193Z","level":"info","message":"Incoming request","requestId":"4a62b30d-55df-4e42-bc40-e28acf71e13c","method":"POST","url":"/api/whatsapp/contact"}
{"timestamp":"2026-01-21T14:26:55.203Z","level":"info","message":"Incoming request","requestId":"77a50a3d-6b4c-451e-ad60-f3b286fb3620","method":"HEAD","url":"/api/crm/chat/conversaciones"}
{"timestamp":"2026-01-21T14:27:51.171Z","level":"info","message":"Incoming request","requestId":"ad37467c-c1d9-4064-922f-f99c94d9b28f","method":"POST","url":"/api/auth/login"}
🔌 Conexión exitosa a la base de datos de Neon!
{"timestamp":"2026-01-21T16:06:49.761Z","level":"info","message":"Incoming request","requestId":"bed80995-9980-48e6-bc60-f31501ee6c43","method":"GET","url":"/api/health"}
{"timestamp":"2026-01-21T16:06:55.143Z","level":"info","message":"Incoming request","requestId":"ef30f20c-f7a7-4f16-b8ba-677047ee6691","method":"GET","url":"/api/banking/imports/stats"}
{"timestamp":"2026-01-21T16:21:56.237Z","level":"info","message":"Incoming request","requestId":"b9e1d09d-7caa-4a65-a53e-12eec28e1209","method":"GET","url":"/api/health"}
{"timestamp":"2026-01-21T16:21:56.556Z","level":"info","message":"Incoming request","requestId":"dceab6f4-45df-4476-9a7b-a4ff8927fdee","method":"GET","url":"/api/auth/me"}
{"timestamp":"2026-01-21T16:51:42.273Z","level":"info","message":"Incoming request","requestId":"749062bc-4c59-4e0f-9bcc-38491e37ea79","method":"GET","url":"/api/health"}
{"timestamp":"2026-01-21T17:31:59.323Z","level":"info","message":"Incoming request","requestId":"457b92e4-b5e8-4f22-b4ea-9f4f9ef52997","method":"GET","url":"/api/health"}
{"timestamp":"2026-01-21T18:15:12.847Z","level":"info","message":"Incoming request","requestId":"6a186598-53aa-42e9-9496-1f7e6bbd93e4","method":"GET","url":"/api/health"}
